  main.cpp
C:\Users\Alex\Desktop\opengl-animation\opengl-animation\main.cpp(185,32): warning C4305: 'argument': truncation from 'double' to 'float'
C:\Users\Alex\Desktop\opengl-animation\opengl-animation\main.cpp(187,32): warning C4305: 'argument': truncation from 'double' to 'float'
C:\Users\Alex\Desktop\opengl-animation\opengl-animation\main.cpp(195,19): warning C4305: 'argument': truncation from 'double' to 'GLfloat'
C:\Users\Alex\Desktop\opengl-animation\opengl-animation\main.cpp(201,19): warning C4305: 'argument': truncation from 'double' to 'GLfloat'
C:\Users\Alex\Desktop\opengl-animation\opengl-animation\main.cpp(203,16): warning C4305: 'argument': truncation from 'double' to 'GLfloat'
C:\Users\Alex\Desktop\opengl-animation\opengl-animation\main.cpp(204,16): warning C4305: 'argument': truncation from 'double' to 'GLfloat'
C:\Users\Alex\Desktop\opengl-animation\opengl-animation\main.cpp(205,21): warning C4305: 'argument': truncation from 'double' to 'GLfloat'
C:\Users\Alex\Desktop\opengl-animation\opengl-animation\main.cpp(205,16): warning C4305: 'argument': truncation from 'double' to 'GLfloat'
C:\Users\Alex\Desktop\opengl-animation\opengl-animation\main.cpp(206,19): warning C4305: 'argument': truncation from 'double' to 'GLfloat'
C:\Users\Alex\Desktop\opengl-animation\opengl-animation\main.cpp(207,19): warning C4305: 'argument': truncation from 'double' to 'GLfloat'
C:\Users\Alex\Desktop\opengl-animation\opengl-animation\main.cpp(216,21): warning C4305: 'argument': truncation from 'double' to 'GLfloat'
C:\Users\Alex\Desktop\opengl-animation\opengl-animation\main.cpp(219,17): warning C4305: 'argument': truncation from 'double' to 'GLfloat'
C:\Users\Alex\Desktop\opengl-animation\opengl-animation\main.cpp(220,21): warning C4305: 'argument': truncation from 'double' to 'GLfloat'
C:\Users\Alex\Desktop\opengl-animation\opengl-animation\main.cpp(234,20): warning C4305: 'argument': truncation from 'double' to 'GLfloat'
C:\Users\Alex\Desktop\opengl-animation\opengl-animation\main.cpp(238,20): warning C4305: 'argument': truncation from 'double' to 'GLfloat'
C:\Users\Alex\Desktop\opengl-animation\opengl-animation\main.cpp(243,19): warning C4305: 'argument': truncation from 'double' to 'GLfloat'
C:\Users\Alex\Desktop\opengl-animation\opengl-animation\main.cpp(247,19): warning C4305: 'argument': truncation from 'double' to 'GLfloat'
C:\Users\Alex\Desktop\opengl-animation\opengl-animation\main.cpp(583,23): warning C4305: 'argument': truncation from 'double' to 'GLfloat'
C:\Users\Alex\Desktop\opengl-animation\opengl-animation\main.cpp(663,22): warning C4305: 'argument': truncation from 'double' to 'GLfloat'
C:\Users\Alex\Desktop\opengl-animation\opengl-animation\main.cpp(663,16): warning C4305: 'argument': truncation from 'double' to 'GLfloat'
C:\Users\Alex\Desktop\opengl-animation\opengl-animation\main.cpp(674,23): warning C4305: 'argument': truncation from 'double' to 'GLfloat'
C:\Users\Alex\Desktop\opengl-animation\opengl-animation\main.cpp(674,16): warning C4305: 'argument': truncation from 'double' to 'GLfloat'
C:\Users\Alex\Desktop\opengl-animation\opengl-animation\main.cpp(685,21): warning C4305: 'argument': truncation from 'double' to 'GLfloat'
C:\Users\Alex\Desktop\opengl-animation\opengl-animation\main.cpp(696,23): warning C4305: 'argument': truncation from 'double' to 'GLfloat'
C:\Users\Alex\Desktop\opengl-animation\opengl-animation\main.cpp(731,22): warning C4305: 'argument': truncation from 'double' to 'GLfloat'
C:\Users\Alex\Desktop\opengl-animation\opengl-animation\main.cpp(731,16): warning C4305: 'argument': truncation from 'double' to 'GLfloat'
C:\Users\Alex\Desktop\opengl-animation\opengl-animation\main.cpp(732,22): warning C4305: 'argument': truncation from 'double' to 'GLfloat'
C:\Users\Alex\Desktop\opengl-animation\opengl-animation\main.cpp(732,16): warning C4305: 'argument': truncation from 'double' to 'GLfloat'
C:\Users\Alex\Desktop\opengl-animation\opengl-animation\main.cpp(743,22): warning C4305: 'argument': truncation from 'double' to 'GLfloat'
C:\Users\Alex\Desktop\opengl-animation\opengl-animation\main.cpp(743,16): warning C4305: 'argument': truncation from 'double' to 'GLfloat'
C:\Users\Alex\Desktop\opengl-animation\opengl-animation\main.cpp(778,23): warning C4305: 'argument': truncation from 'double' to 'GLfloat'
C:\Users\Alex\Desktop\opengl-animation\opengl-animation\main.cpp(778,16): warning C4305: 'argument': truncation from 'double' to 'GLfloat'
C:\Users\Alex\Desktop\opengl-animation\opengl-animation\main.cpp(811,23): warning C4305: 'argument': truncation from 'double' to 'GLfloat'
C:\Users\Alex\Desktop\opengl-animation\opengl-animation\main.cpp(812,21): warning C4305: 'argument': truncation from 'double' to 'GLfloat'
C:\Users\Alex\Desktop\opengl-animation\opengl-animation\main.cpp(821,16): warning C4305: 'argument': truncation from 'double' to 'GLfloat'
C:\Users\Alex\Desktop\opengl-animation\opengl-animation\main.cpp(822,23): warning C4305: 'argument': truncation from 'double' to 'GLfloat'
C:\Users\Alex\Desktop\opengl-animation\opengl-animation\main.cpp(822,16): warning C4305: 'argument': truncation from 'double' to 'GLfloat'
C:\Users\Alex\Desktop\opengl-animation\opengl-animation\main.cpp(823,21): warning C4305: 'argument': truncation from 'double' to 'GLfloat'
C:\Users\Alex\Desktop\opengl-animation\opengl-animation\main.cpp(833,23): warning C4305: 'argument': truncation from 'double' to 'GLfloat'
C:\Users\Alex\Desktop\opengl-animation\opengl-animation\main.cpp(834,23): warning C4305: 'argument': truncation from 'double' to 'GLfloat'
C:\Users\Alex\Desktop\opengl-animation\opengl-animation\main.cpp(834,16): warning C4305: 'argument': truncation from 'double' to 'GLfloat'
C:\Users\Alex\Desktop\opengl-animation\opengl-animation\main.cpp(835,16): warning C4305: 'argument': truncation from 'double' to 'GLfloat'
C:\Users\Alex\Desktop\opengl-animation\opengl-animation\main.cpp(1460,32): warning C4305: 'argument': truncation from 'double' to 'float'
C:\Users\Alex\Desktop\opengl-animation\opengl-animation\main.cpp(1462,32): warning C4305: 'argument': truncation from 'double' to 'float'
C:\Users\Alex\Desktop\opengl-animation\opengl-animation\main.cpp(1469,19): warning C4305: 'argument': truncation from 'double' to 'GLfloat'
C:\Users\Alex\Desktop\opengl-animation\opengl-animation\main.cpp(1475,19): warning C4305: 'argument': truncation from 'double' to 'GLfloat'
C:\Users\Alex\Desktop\opengl-animation\opengl-animation\main.cpp(1477,16): warning C4305: 'argument': truncation from 'double' to 'GLfloat'
C:\Users\Alex\Desktop\opengl-animation\opengl-animation\main.cpp(1478,16): warning C4305: 'argument': truncation from 'double' to 'GLfloat'
C:\Users\Alex\Desktop\opengl-animation\opengl-animation\main.cpp(1479,21): warning C4305: 'argument': truncation from 'double' to 'GLfloat'
C:\Users\Alex\Desktop\opengl-animation\opengl-animation\main.cpp(1479,16): warning C4305: 'argument': truncation from 'double' to 'GLfloat'
C:\Users\Alex\Desktop\opengl-animation\opengl-animation\main.cpp(1480,19): warning C4305: 'argument': truncation from 'double' to 'GLfloat'
C:\Users\Alex\Desktop\opengl-animation\opengl-animation\main.cpp(1481,19): warning C4305: 'argument': truncation from 'double' to 'GLfloat'
C:\Users\Alex\Desktop\opengl-animation\opengl-animation\main.cpp(1490,21): warning C4305: 'argument': truncation from 'double' to 'GLfloat'
C:\Users\Alex\Desktop\opengl-animation\opengl-animation\main.cpp(1493,17): warning C4305: 'argument': truncation from 'double' to 'GLfloat'
C:\Users\Alex\Desktop\opengl-animation\opengl-animation\main.cpp(1494,21): warning C4305: 'argument': truncation from 'double' to 'GLfloat'
C:\Users\Alex\Desktop\opengl-animation\opengl-animation\main.cpp(1508,20): warning C4305: 'argument': truncation from 'double' to 'GLfloat'
C:\Users\Alex\Desktop\opengl-animation\opengl-animation\main.cpp(1512,20): warning C4305: 'argument': truncation from 'double' to 'GLfloat'
C:\Users\Alex\Desktop\opengl-animation\opengl-animation\main.cpp(1517,19): warning C4305: 'argument': truncation from 'double' to 'GLfloat'
C:\Users\Alex\Desktop\opengl-animation\opengl-animation\main.cpp(1521,19): warning C4305: 'argument': truncation from 'double' to 'GLfloat'
C:\Users\Alex\Desktop\opengl-animation\opengl-animation\main.cpp(1719,23): warning C4305: 'argument': truncation from 'double' to 'GLfloat'
C:\Users\Alex\Desktop\opengl-animation\opengl-animation\main.cpp(1799,22): warning C4305: 'argument': truncation from 'double' to 'GLfloat'
C:\Users\Alex\Desktop\opengl-animation\opengl-animation\main.cpp(1799,16): warning C4305: 'argument': truncation from 'double' to 'GLfloat'
C:\Users\Alex\Desktop\opengl-animation\opengl-animation\main.cpp(1810,23): warning C4305: 'argument': truncation from 'double' to 'GLfloat'
C:\Users\Alex\Desktop\opengl-animation\opengl-animation\main.cpp(1810,16): warning C4305: 'argument': truncation from 'double' to 'GLfloat'
C:\Users\Alex\Desktop\opengl-animation\opengl-animation\main.cpp(1821,21): warning C4305: 'argument': truncation from 'double' to 'GLfloat'
C:\Users\Alex\Desktop\opengl-animation\opengl-animation\main.cpp(1832,23): warning C4305: 'argument': truncation from 'double' to 'GLfloat'
C:\Users\Alex\Desktop\opengl-animation\opengl-animation\main.cpp(1867,22): warning C4305: 'argument': truncation from 'double' to 'GLfloat'
C:\Users\Alex\Desktop\opengl-animation\opengl-animation\main.cpp(1867,16): warning C4305: 'argument': truncation from 'double' to 'GLfloat'
C:\Users\Alex\Desktop\opengl-animation\opengl-animation\main.cpp(1868,22): warning C4305: 'argument': truncation from 'double' to 'GLfloat'
C:\Users\Alex\Desktop\opengl-animation\opengl-animation\main.cpp(1868,16): warning C4305: 'argument': truncation from 'double' to 'GLfloat'
C:\Users\Alex\Desktop\opengl-animation\opengl-animation\main.cpp(1879,22): warning C4305: 'argument': truncation from 'double' to 'GLfloat'
C:\Users\Alex\Desktop\opengl-animation\opengl-animation\main.cpp(1879,16): warning C4305: 'argument': truncation from 'double' to 'GLfloat'
C:\Users\Alex\Desktop\opengl-animation\opengl-animation\main.cpp(1914,23): warning C4305: 'argument': truncation from 'double' to 'GLfloat'
C:\Users\Alex\Desktop\opengl-animation\opengl-animation\main.cpp(1914,16): warning C4305: 'argument': truncation from 'double' to 'GLfloat'
C:\Users\Alex\Desktop\opengl-animation\opengl-animation\main.cpp(1947,23): warning C4305: 'argument': truncation from 'double' to 'GLfloat'
C:\Users\Alex\Desktop\opengl-animation\opengl-animation\main.cpp(1948,21): warning C4305: 'argument': truncation from 'double' to 'GLfloat'
C:\Users\Alex\Desktop\opengl-animation\opengl-animation\main.cpp(1957,16): warning C4305: 'argument': truncation from 'double' to 'GLfloat'
C:\Users\Alex\Desktop\opengl-animation\opengl-animation\main.cpp(1958,23): warning C4305: 'argument': truncation from 'double' to 'GLfloat'
C:\Users\Alex\Desktop\opengl-animation\opengl-animation\main.cpp(1958,16): warning C4305: 'argument': truncation from 'double' to 'GLfloat'
C:\Users\Alex\Desktop\opengl-animation\opengl-animation\main.cpp(1959,21): warning C4305: 'argument': truncation from 'double' to 'GLfloat'
C:\Users\Alex\Desktop\opengl-animation\opengl-animation\main.cpp(1969,23): warning C4305: 'argument': truncation from 'double' to 'GLfloat'
C:\Users\Alex\Desktop\opengl-animation\opengl-animation\main.cpp(1970,23): warning C4305: 'argument': truncation from 'double' to 'GLfloat'
C:\Users\Alex\Desktop\opengl-animation\opengl-animation\main.cpp(1970,16): warning C4305: 'argument': truncation from 'double' to 'GLfloat'
C:\Users\Alex\Desktop\opengl-animation\opengl-animation\main.cpp(1971,16): warning C4305: 'argument': truncation from 'double' to 'GLfloat'
C:\Users\Alex\Desktop\opengl-animation\opengl-animation\main.cpp(2309,19): warning C4305: '-=': truncation from 'double' to 'float'
C:\Users\Alex\Desktop\opengl-animation\opengl-animation\main.cpp(2335,19): warning C4305: '+=': truncation from 'double' to 'float'
  opengl-animation.vcxproj -> C:\Users\Alex\Desktop\opengl-animation\Debug\opengl-animation.exe
